# JRE version: OpenJDK Runtime Environment Zulu11.54+23-CA (11.0.14+9) (build 11.0.14+9-LTS)
# Java VM: OpenJDK 64-Bit Server VM Zulu11.54+23-CA (11.0.14+9-LTS, mixed mode, tiered, compressed oops, g1 gc, bsd-aarch64)
Heap:
 garbage-first heap   total 524288K, used 44207K [0x00000005c0000000, 0x00000007c0000000)
  region size 2048K, 15 young (30720K), 2 survivors (4096K)
 Metaspace       used 24849K, capacity 25469K, committed 25776K, reserved 1071104K
  class space    used 3017K, capacity 3269K, committed 3328K, reserved 1048576K
GC Heap History (8 events):
Event: 0.198 GC heap before
{Heap before GC invocations=0 (full 0):
 garbage-first heap   total 524288K, used 24576K [0x00000005c0000000, 0x00000007c0000000)
  region size 2048K, 12 young (24576K), 0 survivors (0K)
 Metaspace       used 8489K, capacity 8621K, committed 8832K, reserved 1056768K
  class space    used 797K, capacity 863K, committed 896K, reserved 1048576K
}
Event: 0.202 GC heap after
{Heap after GC invocations=1 (full 0):
 garbage-first heap   total 524288K, used 8115K [0x00000005c0000000, 0x00000007c0000000)
  region size 2048K, 2 young (4096K), 2 survivors (4096K)
 Metaspace       used 8489K, capacity 8621K, committed 8832K, reserved 1056768K
  class space    used 797K, capacity 863K, committed 896K, reserved 1048576K
}
Event: 0.336 GC heap before
{Heap before GC invocations=1 (full 0):
 garbage-first heap   total 524288K, used 26547K [0x00000005c0000000, 0x00000007c0000000)
  region size 2048K, 12 young (24576K), 2 survivors (4096K)
 Metaspace       used 12763K, capacity 13082K, committed 13312K, reserved 1060864K
  class space    used 1312K, capacity 1470K, committed 1536K, reserved 1048576K
}
Event: 0.338 GC heap after
{Heap after GC invocations=2 (full 0):
 garbage-first heap   total 524288K, used 10864K [0x00000005c0000000, 0x00000007c0000000)
  region size 2048K, 2 young (4096K), 2 survivors (4096K)
 Metaspace       used 12763K, capacity 13082K, committed 13312K, reserved 1060864K
  class space    used 1312K, capacity 1470K, committed 1536K, reserved 1048576K
}
Event: 0.575 GC heap before
{Heap before GC invocations=2 (full 0):
 garbage-first heap   total 524288K, used 55920K [0x00000005c0000000, 0x00000007c0000000)
  region size 2048K, 25 young (51200K), 2 survivors (4096K)
 Metaspace       used 16795K, capacity 17253K, committed 17408K, reserved 1064960K
  class space    used 1851K, capacity 2027K, committed 2048K, reserved 1048576K
}
Event: 0.578 GC heap after
{Heap after GC invocations=3 (full 0):
 garbage-first heap   total 524288K, used 17573K [0x00000005c0000000, 0x00000007c0000000)
  region size 2048K, 4 young (8192K), 4 survivors (8192K)
 Metaspace       used 16795K, capacity 17253K, committed 17408K, reserved 1064960K
  class space    used 1851K, capacity 2027K, committed 2048K, reserved 1048576K
}
Event: 0.741 GC heap before
{Heap before GC invocations=3 (full 0):
 garbage-first heap   total 524288K, used 42149K [0x00000005c0000000, 0x00000007c0000000)
  region size 2048K, 17 young (34816K), 4 survivors (8192K)
 Metaspace       used 20715K, capacity 21208K, committed 21296K, reserved 1069056K
  class space    used 2444K, capacity 2660K, committed 2688K, reserved 1048576K
}
Event: 0.745 GC heap after
{Heap after GC invocations=4 (full 0):
 garbage-first heap   total 524288K, used 19631K [0x00000005c0000000, 0x00000007c0000000)
  region size 2048K, 2 young (4096K), 2 survivors (4096K)
 Metaspace       used 20715K, capacity 21208K, committed 21296K, reserved 1069056K
  class space    used 2444K, capacity 2660K, committed 2688K, reserved 1048576K
}

